#
# A fatal error has been detected by the Java Runtime Environment:
#
#  EXCEPTION_ACCESS_VIOLATION (0xc0000005) at pc=0x17caa1c6, pid=2316, tid=2348
#
# JRE version: Java(TM) SE Runtime Environment (7.0_45-b18) (build 1.7.0_45-b18)
# Java VM: Java HotSpot(TM) Client VM (24.45-b08 mixed mode windows-x86 )
# Problematic frame:
# C  [client-bridge-x86.dll+0xa1c6]
#
# Failed to write core dump. Minidumps are not enabled by default on client versions of Windows
#
# If you would like to submit a bug report, please visit:
#   http://bugreport.sun.com/bugreport/crash.jsp
# The crash happened outside the Java Virtual Machine in native code.
# See problematic frame for where to report the bug.
#

---------------  T H R E A D  ---------------

Current thread (0x003ca000):  JavaThread "main" [_thread_in_native, id=2348, stack(0x008c0000,0x00910000)]

siginfo: ExceptionCode=0xc0000005, reading address 0x00000000

Registers:
EAX=0x00000000, EBX=0x02aaa27c, ECX=0x1a460020, EDX=0x17cb9ad0
ESP=0x0090dcc8, EBP=0x0090dd70, ESI=0x003ca130, EDI=0x00000100
EIP=0x17caa1c6, EFLAGS=0x00010246

Top of Stack: (sp=0x0090dcc8)
0x0090dcc8:   d3b3d56b 00000100 003ca130 02aaa27c
0x0090dcd8:   0090dcc9 00000001 00000008 003ca100
0x0090dce8:   d076ef6f 0090dd50 6e95bbd3 0090de00
0x0090dcf8:   00000001 02aaa270 0090dd14 6e95bbee
0x0090dd08:   7c802446 003ca130 02aaa268 6eb43154
0x0090dd18:   029db290 00000000 00000000 0000000e
0x0090dd28:   0090dca4 0090dd78 0000000e 00007d20
0x0090dd38:   02b6d3b0 00000000 003ca000 003ca7e8 

Instructions: (pc=0x17caa1c6)
0x17caa1a6:   01 00 00 ff d2 8b 0d a8 7f e6 17 84 c0 8b 01 74
0x17caa1b6:   07 8b 50 0c ff d2 eb 11 8b 90 58 01 00 00 ff d2
0x17caa1c6:   8b 10 8b c8 8b 42 0c ff d0 50 8d 4d b8 51 e8 47
0x17caa1d6:   1d 00 00 c7 45 fc 00 00 00 00 8b 55 d0 8b 32 8b 


Register to memory mapping:

EAX=0x00000000 is an unknown value
EBX=0x02aaa27c is a weak global jni handle
ECX=0x1a460020 is an unknown value
EDX=0x17cb9ad0 is an unknown value
ESP=0x0090dcc8 is pointing into the stack for thread: 0x003ca000
EBP=0x0090dd70 is pointing into the stack for thread: 0x003ca000
ESI=0x003ca130 is an unknown value
EDI=0x00000100 is an unknown value


Stack: [0x008c0000,0x00910000],  sp=0x0090dcc8,  free space=311k
Native frames: (J=compiled Java code, j=interpreted, Vv=VM code, C=native code)
C  [client-bridge-x86.dll+0xa1c6]
C  [client-bridge-x86.dll+0x1bc4]
j  jnibwapi.JNIBWAPI.startClient(Ljnibwapi/JNIBWAPI;)V+0
j  jnibwapi.JNIBWAPI.start()V+2
v  ~StubRoutines::call_stub
V  [jvm.dll+0x13f1fa]
V  [jvm.dll+0x202aee]
V  [jvm.dll+0x13f27d]
V  [jvm.dll+0x14b5ae]
V  [jvm.dll+0x14b7d5]
V  [jvm.dll+0xf1309]
C  [java.dll+0x7d6e]
j  sun.reflect.NativeMethodAccessorImpl.invoke(Ljava/lang/Object;[Ljava/lang/Object;)Ljava/lang/Object;+87
j  sun.reflect.DelegatingMethodAccessorImpl.invoke(Ljava/lang/Object;[Ljava/lang/Object;)Ljava/lang/Object;+6
j  java.lang.reflect.Method.invoke(Ljava/lang/Object;[Ljava/lang/Object;)Ljava/lang/Object;+57
j  clojure.lang.Reflector.invokeMatchingMethod(Ljava/lang/String;Ljava/util/List;Ljava/lang/Object;[Ljava/lang/Object;)Ljava/lang/Object;+244
j  clojure.lang.Reflector.invokeNoArgInstanceMember(Ljava/lang/Object;Ljava/lang/String;)Ljava/lang/Object;+26
j  korhal.interop.interop$start.invoke()Ljava/lang/Object;+8
j  korhal.core$korhal_main.doInvoke(Ljava/lang/Object;)Ljava/lang/Object;+81
j  clojure.lang.RestFn.invoke()Ljava/lang/Object;+26
J  clojure.lang.AFn.applyToHelper(Lclojure/lang/IFn;Lclojure/lang/ISeq;)Ljava/lang/Object;
v  ~StubRoutines::call_stub
V  [jvm.dll+0x13f1fa]
V  [jvm.dll+0x202aee]
V  [jvm.dll+0x13f27d]
V  [jvm.dll+0x14b5ae]
V  [jvm.dll+0x14b7d5]
V  [jvm.dll+0xf1309]
C  [java.dll+0x7d6e]
j  sun.reflect.NativeMethodAccessorImpl.invoke(Ljava/lang/Object;[Ljava/lang/Object;)Ljava/lang/Object;+87
j  sun.reflect.DelegatingMethodAccessorImpl.invoke(Ljava/lang/Object;[Ljava/lang/Object;)Ljava/lang/Object;+6
j  java.lang.reflect.Method.invoke(Ljava/lang/Object;[Ljava/lang/Object;)Ljava/lang/Object;+57
j  clojure.lang.Reflector.invokeMatchingMethod(Ljava/lang/String;Ljava/util/List;Ljava/lang/Object;[Ljava/lang/Object;)Ljava/lang/Object;+244
j  clojure.lang.Reflector.invokeStaticMethod(Ljava/lang/Class;Ljava/lang/String;[Ljava/lang/Object;)Ljava/lang/Object;+28
v  ~StubRoutines::call_stub
V  [jvm.dll+0x13f1fa]
V  [jvm.dll+0x202aee]
V  [jvm.dll+0x13f27d]
V  [jvm.dll+0x14b5ae]
V  [jvm.dll+0x14b7d5]
V  [jvm.dll+0xf1309]
C  [java.dll+0x7d6e]
j  sun.reflect.NativeMethodAccessorImpl.invoke(Ljava/lang/Object;[Ljava/lang/Object;)Ljava/lang/Object;+87
j  sun.reflect.DelegatingMethodAccessorImpl.invoke(Ljava/lang/Object;[Ljava/lang/Object;)Ljava/lang/Object;+6
j  java.lang.reflect.Method.invoke(Ljava/lang/Object;[Ljava/lang/Object;)Ljava/lang/Object;+57
j  clojure.lang.Reflector.invokeMatchingMethod(Ljava/lang/String;Ljava/util/List;Ljava/lang/Object;[Ljava/lang/Object;)Ljava/lang/Object;+244
j  clojure.lang.Reflector.invokeStaticMethod(Ljava/lang/Class;Ljava/lang/String;[Ljava/lang/Object;)Ljava/lang/Object;+28
j  user$eval5.invoke()Ljava/lang/Object;+201
j  clojure.lang.Compiler.eval(Ljava/lang/Object;Z)Ljava/lang/Object;+330
j  clojure.lang.Compiler.eval(Ljava/lang/Object;Z)Ljava/lang/Object;+220
j  clojure.lang.Compiler.load(Ljava/io/Reader;Ljava/lang/String;Ljava/lang/String;)Ljava/lang/Object;+336
j  clojure.lang.Compiler.loadFile(Ljava/lang/String;)Ljava/lang/Object;+42
j  clojure.main$load_script.invoke(Ljava/lang/Object;)Ljava/lang/Object;+67
j  clojure.main$init_opt.invoke(Ljava/lang/Object;)Ljava/lang/Object;+12
j  clojure.main$initialize.invoke(Ljava/lang/Object;Ljava/lang/Object;)Ljava/lang/Object;+134
j  clojure.main$null_opt.invoke(Ljava/lang/Object;Ljava/lang/Object;)Ljava/lang/Object;+205
j  clojure.main$main.doInvoke(Ljava/lang/Object;)Ljava/lang/Object;+257
j  clojure.lang.RestFn.invoke(Ljava/lang/Object;Ljava/lang/Object;)Ljava/lang/Object;+60
j  clojure.lang.Var.invoke(Ljava/lang/Object;Ljava/lang/Object;)Ljava/lang/Object;+6
j  clojure.lang.AFn.applyToHelper(Lclojure/lang/IFn;Lclojure/lang/ISeq;)Ljava/lang/Object;+158
j  clojure.lang.Var.applyTo(Lclojure/lang/ISeq;)Ljava/lang/Object;+2
j  clojure.main.main([Ljava/lang/String;)V+17
v  ~StubRoutines::call_stub
V  [jvm.dll+0x13f1fa]
V  [jvm.dll+0x202aee]
V  [jvm.dll+0x13f27d]
V  [jvm.dll+0xc9945]
V  [jvm.dll+0xd45e7]
C  [java.exe+0x2063]
C  [java.exe+0xa591]
C  [java.exe+0xa61b]
C  [kernel32.dll+0xb713]

Java frames: (J=compiled Java code, j=interpreted, Vv=VM code)
j  jnibwapi.JNIBWAPI.startClient(Ljnibwapi/JNIBWAPI;)V+0
j  jnibwapi.JNIBWAPI.start()V+2
v  ~StubRoutines::call_stub
j  sun.reflect.NativeMethodAccessorImpl.invoke0(Ljava/lang/reflect/Method;Ljava/lang/Object;[Ljava/lang/Object;)Ljava/lang/Object;+0
j  sun.reflect.NativeMethodAccessorImpl.invoke(Ljava/lang/Object;[Ljava/lang/Object;)Ljava/lang/Object;+87
j  sun.reflect.DelegatingMethodAccessorImpl.invoke(Ljava/lang/Object;[Ljava/lang/Object;)Ljava/lang/Object;+6
j  java.lang.reflect.Method.invoke(Ljava/lang/Object;[Ljava/lang/Object;)Ljava/lang/Object;+57
j  clojure.lang.Reflector.invokeMatchingMethod(Ljava/lang/String;Ljava/util/List;Ljava/lang/Object;[Ljava/lang/Object;)Ljava/lang/Object;+244
j  clojure.lang.Reflector.invokeNoArgInstanceMember(Ljava/lang/Object;Ljava/lang/String;)Ljava/lang/Object;+26
j  korhal.interop.interop$start.invoke()Ljava/lang/Object;+8
j  korhal.core$korhal_main.doInvoke(Ljava/lang/Object;)Ljava/lang/Object;+81
j  clojure.lang.RestFn.invoke()Ljava/lang/Object;+26
J  clojure.lang.AFn.applyToHelper(Lclojure/lang/IFn;Lclojure/lang/ISeq;)Ljava/lang/Object;
J  clojure.lang.RestFn.applyTo(Lclojure/lang/ISeq;)Ljava/lang/Object;
j  korhal.core.main([Ljava/lang/String;)V+29
v  ~StubRoutines::call_stub
j  sun.reflect.NativeMethodAccessorImpl.invoke0(Ljava/lang/reflect/Method;Ljava/lang/Object;[Ljava/lang/Object;)Ljava/lang/Object;+0
j  sun.reflect.NativeMethodAccessorImpl.invoke(Ljava/lang/Object;[Ljava/lang/Object;)Ljava/lang/Object;+87
j  sun.reflect.DelegatingMethodAccessorImpl.invoke(Ljava/lang/Object;[Ljava/lang/Object;)Ljava/lang/Object;+6
j  java.lang.reflect.Method.invoke(Ljava/lang/Object;[Ljava/lang/Object;)Ljava/lang/Object;+57
j  clojure.lang.Reflector.invokeMatchingMethod(Ljava/lang/String;Ljava/util/List;Ljava/lang/Object;[Ljava/lang/Object;)Ljava/lang/Object;+244
j  clojure.lang.Reflector.invokeStaticMethod(Ljava/lang/Class;Ljava/lang/String;[Ljava/lang/Object;)Ljava/lang/Object;+28
v  ~StubRoutines::call_stub
j  sun.reflect.NativeMethodAccessorImpl.invoke0(Ljava/lang/reflect/Method;Ljava/lang/Object;[Ljava/lang/Object;)Ljava/lang/Object;+0
j  sun.reflect.NativeMethodAccessorImpl.invoke(Ljava/lang/Object;[Ljava/lang/Object;)Ljava/lang/Object;+87
j  sun.reflect.DelegatingMethodAccessorImpl.invoke(Ljava/lang/Object;[Ljava/lang/Object;)Ljava/lang/Object;+6
j  java.lang.reflect.Method.invoke(Ljava/lang/Object;[Ljava/lang/Object;)Ljava/lang/Object;+57
j  clojure.lang.Reflector.invokeMatchingMethod(Ljava/lang/String;Ljava/util/List;Ljava/lang/Object;[Ljava/lang/Object;)Ljava/lang/Object;+244
j  clojure.lang.Reflector.invokeStaticMethod(Ljava/lang/Class;Ljava/lang/String;[Ljava/lang/Object;)Ljava/lang/Object;+28
j  user$eval5.invoke()Ljava/lang/Object;+201
j  clojure.lang.Compiler.eval(Ljava/lang/Object;Z)Ljava/lang/Object;+330
j  clojure.lang.Compiler.eval(Ljava/lang/Object;Z)Ljava/lang/Object;+220
j  clojure.lang.Compiler.load(Ljava/io/Reader;Ljava/lang/String;Ljava/lang/String;)Ljava/lang/Object;+336
j  clojure.lang.Compiler.loadFile(Ljava/lang/String;)Ljava/lang/Object;+42
j  clojure.main$load_script.invoke(Ljava/lang/Object;)Ljava/lang/Object;+67
j  clojure.main$init_opt.invoke(Ljava/lang/Object;)Ljava/lang/Object;+12
j  clojure.main$initialize.invoke(Ljava/lang/Object;Ljava/lang/Object;)Ljava/lang/Object;+134
j  clojure.main$null_opt.invoke(Ljava/lang/Object;Ljava/lang/Object;)Ljava/lang/Object;+205
j  clojure.main$main.doInvoke(Ljava/lang/Object;)Ljava/lang/Object;+257
j  clojure.lang.RestFn.invoke(Ljava/lang/Object;Ljava/lang/Object;)Ljava/lang/Object;+60
j  clojure.lang.Var.invoke(Ljava/lang/Object;Ljava/lang/Object;)Ljava/lang/Object;+6
j  clojure.lang.AFn.applyToHelper(Lclojure/lang/IFn;Lclojure/lang/ISeq;)Ljava/lang/Object;+158
j  clojure.lang.Var.applyTo(Lclojure/lang/ISeq;)Ljava/lang/Object;+2
j  clojure.main.main([Ljava/lang/String;)V+17
v  ~StubRoutines::call_stub

---------------  P R O C E S S  ---------------

Java Threads: ( => current thread )
  0x17709400 JavaThread "clojure-agent-send-off-pool-0" [_thread_in_native, id=2536, stack(0x1ac90000,0x1ace0000)]
  0x16d06800 JavaThread "Service Thread" daemon [_thread_blocked, id=2376, stack(0x16fe0000,0x17030000)]
  0x16cf8800 JavaThread "C1 CompilerThread0" daemon [_thread_blocked, id=2360, stack(0x16f90000,0x16fe0000)]
  0x16cf6c00 JavaThread "Attach Listener" daemon [_thread_blocked, id=920, stack(0x16f40000,0x16f90000)]
  0x16cf5800 JavaThread "Signal Dispatcher" daemon [_thread_blocked, id=2388, stack(0x16ef0000,0x16f40000)]
  0x02ab4c00 JavaThread "Finalizer" daemon [_thread_blocked, id=1672, stack(0x16ca0000,0x16cf0000)]
  0x02aaec00 JavaThread "Reference Handler" daemon [_thread_blocked, id=2336, stack(0x16c50000,0x16ca0000)]
=>0x003ca000 JavaThread "main" [_thread_in_native, id=2348, stack(0x008c0000,0x00910000)]

Other Threads:
  0x02aad000 VMThread [stack: 0x16c00000,0x16c50000] [id=2332]
  0x16d1a000 WatcherThread [stack: 0x17030000,0x17080000] [id=1900]

VM state:not at safepoint (normal execution)

VM Mutex/Monitor currently owned by a thread: None

Heap
 def new generation   total 4928K, used 1289K [0x02ac0000, 0x03010000, 0x08010000)
  eden space 4416K,  17% used [0x02ac0000, 0x02b82440, 0x02f10000)
  from space 512K, 100% used [0x02f90000, 0x03010000, 0x03010000)
  to   space 512K,   0% used [0x02f10000, 0x02f10000, 0x02f90000)
 tenured generation   total 10944K, used 10406K [0x08010000, 0x08ac0000, 0x12ac0000)
   the space 10944K,  95% used [0x08010000, 0x08a39b90, 0x08a39c00, 0x08ac0000)
 compacting perm gen  total 12288K, used 11287K [0x12ac0000, 0x136c0000, 0x16ac0000)
   the space 12288K,  91% used [0x12ac0000, 0x135c5de0, 0x135c5e00, 0x136c0000)
No shared spaces configured.

Card table byte_map: [0x16ac0000,0x16b70000] byte_map_base: 0x16aaaa00

Polling page: 0x00910000

Code Cache  [0x00940000, 0x00b80000, 0x02940000)
 total_blobs=1229 nmethods=1059 adapters=106 free_code_cache=30465Kb largest_free_block=31196224

Compilation events (10 events):
Event: 16.919 Thread 0x16cf8800 1057             sun.misc.URLClassPath$JarLoader$2::getManifest (11 bytes)
Event: 16.919 Thread 0x16cf8800 nmethod 1057 0x00b7ee48 code [0x00b7ef50, 0x00b7efec]
Event: 16.919 Thread 0x16cf8800 1058             sun.misc.URLClassPath$JarLoader$2::getInputStream (15 bytes)
Event: 16.919 Thread 0x16cf8800 nmethod 1058 0x00b7f088 code [0x00b7f190, 0x00b7f23c]
Event: 16.919 Thread 0x16cf8800 1059             sun.misc.URLClassPath$JarLoader$2::getContentLength (9 bytes)
Event: 16.920 Thread 0x16cf8800 nmethod 1059 0x00b7f308 code [0x00b7f400, 0x00b7f490]
Event: 16.920 Thread 0x16cf8800 1060             sun.misc.URLClassPath$JarLoader$2::getCodeSigners (8 bytes)
Event: 16.920 Thread 0x16cf8800 nmethod 1060 0x00b7f508 code [0x00b7f610, 0x00b7f6ac]
Event: 16.920 Thread 0x16cf8800 1061   !         java.util.jar.JarFile$JarFileEntry::getCodeSigners (78 bytes)
Event: 16.920 Thread 0x16cf8800 nmethod 1061 0x00b7f708 code [0x00b7f840, 0x00b7fa08]

GC Heap History (10 events):
Event: 7.108 GC heap before
{Heap before GC invocations=34 (full 0):
 def new generation   total 4928K, used 4589K [0x02ac0000, 0x03010000, 0x08010000)
  eden space 4416K, 100% used [0x02ac0000, 0x02f10000, 0x02f10000)
  from space 512K,  33% used [0x02f10000, 0x02f3b5a0, 0x02f90000)
  to   space 512K,   0% used [0x02f90000, 0x02f90000, 0x03010000)
 tenured generation   total 10944K, used 9996K [0x08010000, 0x08ac0000, 0x12ac0000)
   the space 10944K,  91% used [0x08010000, 0x089d30a8, 0x089d3200, 0x08ac0000)
 compacting perm gen  total 12288K, used 10732K [0x12ac0000, 0x136c0000, 0x16ac0000)
   the space 12288K,  87% used [0x12ac0000, 0x1353b360, 0x1353b400, 0x136c0000)
No shared spaces configured.
Event: 7.110 GC heap after
Heap after GC invocations=35 (full 0):
 def new generation   total 4928K, used 262K [0x02ac0000, 0x03010000, 0x08010000)
  eden space 4416K,   0% used [0x02ac0000, 0x02ac0000, 0x02f10000)
  from space 512K,  51% used [0x02f90000, 0x02fd1970, 0x03010000)
  to   space 512K,   0% used [0x02f10000, 0x02f10000, 0x02f90000)
 tenured generation   total 10944K, used 9996K [0x08010000, 0x08ac0000, 0x12ac0000)
   the space 10944K,  91% used [0x08010000, 0x089d30a8, 0x089d3200, 0x08ac0000)
 compacting perm gen  total 12288K, used 10732K [0x12ac0000, 0x136c0000, 0x16ac0000)
   the space 12288K,  87% used [0x12ac0000, 0x1353b360, 0x1353b400, 0x136c0000)
No shared spaces configured.
}
Event: 7.182 GC heap before
{Heap before GC invocations=35 (full 0):
 def new generation   total 4928K, used 4678K [0x02ac0000, 0x03010000, 0x08010000)
  eden space 4416K, 100% used [0x02ac0000, 0x02f10000, 0x02f10000)
  from space 512K,  51% used [0x02f90000, 0x02fd1970, 0x03010000)
  to   space 512K,   0% used [0x02f10000, 0x02f10000, 0x02f90000)
 tenured generation   total 10944K, used 9996K [0x08010000, 0x08ac0000, 0x12ac0000)
   the space 10944K,  91% used [0x08010000, 0x089d30a8, 0x089d3200, 0x08ac0000)
 compacting perm gen  total 12288K, used 10768K [0x12ac0000, 0x136c0000, 0x16ac0000)
   the space 12288K,  87% used [0x12ac0000, 0x13544058, 0x13544200, 0x136c0000)
No shared spaces configured.
Event: 7.185 GC heap after
Heap after GC invocations=36 (full 0):
 def new generation   total 4928K, used 194K [0x02ac0000, 0x03010000, 0x08010000)
  eden space 4416K,   0% used [0x02ac0000, 0x02ac0000, 0x02f10000)
  from space 512K,  38% used [0x02f10000, 0x02f40ae8, 0x02f90000)
  to   space 512K,   0% used [0x02f90000, 0x02f90000, 0x03010000)
 tenured generation   total 10944K, used 10053K [0x08010000, 0x08ac0000, 0x12ac0000)
   the space 10944K,  91% used [0x08010000, 0x089e1678, 0x089e1800, 0x08ac0000)
 compacting perm gen  total 12288K, used 10768K [0x12ac0000, 0x136c0000, 0x16ac0000)
   the space 12288K,  87% used [0x12ac0000, 0x13544058, 0x13544200, 0x136c0000)
No shared spaces configured.
}
Event: 7.254 GC heap before
{Heap before GC invocations=36 (full 0):
 def new generation   total 4928K, used 4610K [0x02ac0000, 0x03010000, 0x08010000)
  eden space 4416K, 100% used [0x02ac0000, 0x02f10000, 0x02f10000)
  from space 512K,  38% used [0x02f10000, 0x02f40ae8, 0x02f90000)
  to   space 512K,   0% used [0x02f90000, 0x02f90000, 0x03010000)
 tenured generation   total 10944K, used 10053K [0x08010000, 0x08ac0000, 0x12ac0000)
   the space 10944K,  91% used [0x08010000, 0x089e1678, 0x089e1800, 0x08ac0000)
 compacting perm gen  total 12288K, used 10850K [0x12ac0000, 0x136c0000, 0x16ac0000)
   the space 12288K,  88% used [0x12ac0000, 0x13558bc0, 0x13558c00, 0x136c0000)
No shared spaces configured.
Event: 7.257 GC heap after
Heap after GC invocations=37 (full 0):
 def new generation   total 4928K, used 220K [0x02ac0000, 0x03010000, 0x08010000)
  eden space 4416K,   0% used [0x02ac0000, 0x02ac0000, 0x02f10000)
  from space 512K,  43% used [0x02f90000, 0x02fc72e8, 0x03010000)
  to   space 512K,   0% used [0x02f10000, 0x02f10000, 0x02f90000)
 tenured generation   total 10944K, used 10053K [0x08010000, 0x08ac0000, 0x12ac0000)
   the space 10944K,  91% used [0x08010000, 0x089e1678, 0x089e1800, 0x08ac0000)
 compacting perm gen  total 12288K, used 10850K [0x12ac0000, 0x136c0000, 0x16ac0000)
   the space 12288K,  88% used [0x12ac0000, 0x13558bc0, 0x13558c00, 0x136c0000)
No shared spaces configured.
}
Event: 7.342 GC heap before
{Heap before GC invocations=37 (full 0):
 def new generation   total 4928K, used 4636K [0x02ac0000, 0x03010000, 0x08010000)
  eden space 4416K, 100% used [0x02ac0000, 0x02f10000, 0x02f10000)
  from space 512K,  43% used [0x02f90000, 0x02fc72e8, 0x03010000)
  to   space 512K,   0% used [0x02f10000, 0x02f10000, 0x02f90000)
 tenured generation   total 10944K, used 10053K [0x08010000, 0x08ac0000, 0x12ac0000)
   the space 10944K,  91% used [0x08010000, 0x089e1678, 0x089e1800, 0x08ac0000)
 compacting perm gen  total 12288K, used 10894K [0x12ac0000, 0x136c0000, 0x16ac0000)
   the space 12288K,  88% used [0x12ac0000, 0x13563a98, 0x13563c00, 0x136c0000)
No shared spaces configured.
Event: 7.344 GC heap after
Heap after GC invocations=38 (full 0):
 def new generation   total 4928K, used 311K [0x02ac0000, 0x03010000, 0x08010000)
  eden space 4416K,   0% used [0x02ac0000, 0x02ac0000, 0x02f10000)
  from space 512K,  60% used [0x02f10000, 0x02f5dc48, 0x02f90000)
  to   space 512K,   0% used [0x02f90000, 0x02f90000, 0x03010000)
 tenured generation   total 10944K, used 10053K [0x08010000, 0x08ac0000, 0x12ac0000)
   the space 10944K,  91% used [0x08010000, 0x089e1678, 0x089e1800, 0x08ac0000)
 compacting perm gen  total 12288K, used 10894K [0x12ac0000, 0x136c0000, 0x16ac0000)
   the space 12288K,  88% used [0x12ac0000, 0x13563a98, 0x13563c00, 0x136c0000)
No shared spaces configured.
}
Event: 16.840 GC heap before
{Heap before GC invocations=38 (full 0):
 def new generation   total 4928K, used 4727K [0x02ac0000, 0x03010000, 0x08010000)
  eden space 4416K, 100% used [0x02ac0000, 0x02f10000, 0x02f10000)
  from space 512K,  60% used [0x02f10000, 0x02f5dc48, 0x02f90000)
  to   space 512K,   0% used [0x02f90000, 0x02f90000, 0x03010000)
 tenured generation   total 10944K, used 10053K [0x08010000, 0x08ac0000, 0x12ac0000)
   the space 10944K,  91% used [0x08010000, 0x089e1678, 0x089e1800, 0x08ac0000)
 compacting perm gen  total 12288K, used 11200K [0x12ac0000, 0x136c0000, 0x16ac0000)
   the space 12288K,  91% used [0x12ac0000, 0x135b00b8, 0x135b0200, 0x136c0000)
No shared spaces configured.
Event: 16.843 GC heap after
Heap after GC invocations=39 (full 0):
 def new generation   total 4928K, used 512K [0x02ac0000, 0x03010000, 0x08010000)
  eden space 4416K,   0% used [0x02ac0000, 0x02ac0000, 0x02f10000)
  from space 512K, 100% used [0x02f90000, 0x03010000, 0x03010000)
  to   space 512K,   0% used [0x02f10000, 0x02f10000, 0x02f90000)
 tenured generation   total 10944K, used 10406K [0x08010000, 0x08ac0000, 0x12ac0000)
   the space 10944K,  95% used [0x08010000, 0x08a39b90, 0x08a39c00, 0x08ac0000)
 compacting perm gen  total 12288K, used 11200K [0x12ac0000, 0x136c0000, 0x16ac0000)
   the space 12288K,  91% used [0x12ac0000, 0x135b00b8, 0x135b0200, 0x136c0000)
No shared spaces configured.
}

Deoptimization events (0 events):
No events

Internal exceptions (10 events):
Event: 16.900 Thread 0x003ca000 Threw 0x02b4d090 at C:\re\jdk7u45\229\hotspot\src\share\vm\prims\jvm.cpp:1244
Event: 16.907 Thread 0x003ca000 Threw 0x02b52150 at C:\re\jdk7u45\229\hotspot\src\share\vm\prims\jvm.cpp:1244
Event: 16.911 Thread 0x003ca000 Threw 0x02b544f8 at C:\re\jdk7u45\229\hotspot\src\share\vm\prims\jvm.cpp:1244
Event: 16.912 Thread 0x003ca000 Threw 0x02b58de0 at C:\re\jdk7u45\229\hotspot\src\share\vm\prims\jvm.cpp:1244
Event: 16.914 Thread 0x003ca000 Threw 0x02b5fe30 at C:\re\jdk7u45\229\hotspot\src\share\vm\prims\jvm.cpp:1244
Event: 16.916 Thread 0x003ca000 Threw 0x02b653a8 at C:\re\jdk7u45\229\hotspot\src\share\vm\prims\jvm.cpp:1244
Event: 16.918 Thread 0x003ca000 Threw 0x02b6a068 at C:\re\jdk7u45\229\hotspot\src\share\vm\prims\jvm.cpp:1244
Event: 16.920 Thread 0x003ca000 Threw 0x02b6cf90 at C:\re\jdk7u45\229\hotspot\src\share\vm\interpreter\linkResolver.cpp:883
Event: 16.927 Thread 0x003ca000 Threw 0x02b6d1a0 at C:\re\jdk7u45\229\hotspot\src\share\vm\interpreter\linkResolver.cpp:883
Event: 16.947 Thread 0x003ca000 Threw 0x02b6d3b0 at C:\re\jdk7u45\229\hotspot\src\share\vm\interpreter\linkResolver.cpp:883

Events (10 events):
Event: 16.916 loading class 0x16d2caf0 done
Event: 16.916 loading class 0x176d4290
Event: 16.916 loading class 0x176d4290 done
Event: 16.916 Thread 0x17709400 Thread added: 0x17709400
Event: 16.916 loading class 0x16e38fe0
Event: 16.916 loading class 0x16e38fe0 done
Event: 16.917 Executing VM operation: RevokeBias
Event: 16.917 Executing VM operation: RevokeBias done
Event: 16.918 loading class 0x170c4608
Event: 16.918 loading class 0x170c4608 done


Dynamic libraries:
0x00400000 - 0x0042f000 	C:\Program Files\java\jdk1.7.0_45\bin\java.exe
0x7c900000 - 0x7c9b2000 	C:\WINDOWS\system32\ntdll.dll
0x7c800000 - 0x7c8f6000 	C:\WINDOWS\system32\kernel32.dll
0x77dd0000 - 0x77e6b000 	C:\WINDOWS\system32\ADVAPI32.dll
0x77e70000 - 0x77f03000 	C:\WINDOWS\system32\RPCRT4.dll
0x77fe0000 - 0x77ff1000 	C:\WINDOWS\system32\Secur32.dll
0x7e410000 - 0x7e4a1000 	C:\WINDOWS\system32\USER32.dll
0x77f10000 - 0x77f59000 	C:\WINDOWS\system32\GDI32.dll
0x773d0000 - 0x774d3000 	C:\WINDOWS\WinSxS\x86_Microsoft.Windows.Common-Controls_6595b64144ccf1df_6.0.2600.5512_x-ww_35d4ce83\COMCTL32.dll
0x77c10000 - 0x77c68000 	C:\WINDOWS\system32\msvcrt.dll
0x77f60000 - 0x77fd6000 	C:\WINDOWS\system32\SHLWAPI.dll
0x78aa0000 - 0x78b5f000 	C:\Program Files\java\jdk1.7.0_45\jre\bin\msvcr100.dll
0x6e890000 - 0x6ec10000 	C:\Program Files\java\jdk1.7.0_45\jre\bin\client\jvm.dll
0x71ad0000 - 0x71ad9000 	C:\WINDOWS\system32\WSOCK32.dll
0x71ab0000 - 0x71ac7000 	C:\WINDOWS\system32\WS2_32.dll
0x71aa0000 - 0x71aa8000 	C:\WINDOWS\system32\WS2HELP.dll
0x76b40000 - 0x76b6d000 	C:\WINDOWS\system32\WINMM.dll
0x76bf0000 - 0x76bfb000 	C:\WINDOWS\system32\PSAPI.DLL
0x6e7e0000 - 0x6e7ec000 	C:\Program Files\java\jdk1.7.0_45\jre\bin\verify.dll
0x6d590000 - 0x6d5b0000 	C:\Program Files\java\jdk1.7.0_45\jre\bin\java.dll
0x6e870000 - 0x6e883000 	C:\Program Files\java\jdk1.7.0_45\jre\bin\zip.dll
0x6e5b0000 - 0x6e5c4000 	C:\Program Files\Java\jdk1.7.0_45\jre\bin\net.dll
0x6e5d0000 - 0x6e5df000 	C:\Program Files\Java\jdk1.7.0_45\jre\bin\nio.dll
0x17ca0000 - 0x17e88000 	F:\jnibwapi\release\client-bridge-x86.dll
0x17ea0000 - 0x17ecb000 	C:\WINDOWS\system32\gmp-vc90-mt.dll
0x78520000 - 0x785c3000 	C:\WINDOWS\WinSxS\x86_Microsoft.VC90.CRT_1fc8b3b9a1e18e3b_9.0.30729.1_x-ww_6f74963e\MSVCR90.dll
0x78480000 - 0x7850e000 	C:\WINDOWS\WinSxS\x86_Microsoft.VC90.CRT_1fc8b3b9a1e18e3b_9.0.30729.1_x-ww_6f74963e\MSVCP90.dll
0x17ee0000 - 0x17f21000 	C:\WINDOWS\system32\mpfr-vc90-mt.dll
0x71a50000 - 0x71a8f000 	C:\WINDOWS\system32\mswsock.dll
0x662b0000 - 0x66308000 	C:\WINDOWS\system32\hnetcfg.dll
0x71a90000 - 0x71a98000 	C:\WINDOWS\System32\wshtcpip.dll
0x59a60000 - 0x59b01000 	C:\WINDOWS\system32\dbghelp.dll
0x77c00000 - 0x77c08000 	C:\WINDOWS\system32\VERSION.dll

VM Arguments:
jvm_args: -Djava.library.path=jnibwapi/release -Dclojure.compile.path=F:\target\classes -Dkorhal.version=0.1.0-SNAPSHOT -Dfile.encoding=UTF-8 -Dclojure.debug=false 
java_command: clojure.main -i C:\cygwin\tmp\form-init7633292092769957885.clj
Launcher Type: SUN_STANDARD

Environment Variables:
CLASSPATH=;C:\cygwin\home\Travis\.lein/self-installs/leiningen-2.3.3-standalone.jar
PATH=C:\cygwin\usr\local\bin;C:\cygwin\bin;C:\WINDOWS\system32;C:\WINDOWS;C:\WINDOWS\System32\Wbem;C:\Program Files\java\jdk1.7.0_45\bin
USERNAME=Travis
SHELL=/bin/bash
OS=Windows_NT
PROCESSOR_IDENTIFIER=x86 Family 6 Model 58 Stepping 9, GenuineIntel



---------------  S Y S T E M  ---------------

OS: Windows XP Build 2600 Service Pack 3

CPU:total 1 (1 cores per cpu, 1 threads per core) family 6 model 58 stepping 9, cmov, cx8, fxsr, mmx, sse, sse2, sse3, ssse3, sse4.1, sse4.2, popcnt, aes, tsc, tscinvbit, tscinv

Memory: 4k page, physical 3669488k(3250648k free), swap 5597132k(5300764k free)

vm_info: Java HotSpot(TM) Client VM (24.45-b08) for windows-x86 JRE (1.7.0_45-b18), built on Oct  8 2013 06:02:43 by "java_re" with unknown MS VC++:1600

time: Sat Feb 04 07:25:19 2017
elapsed time: 17 seconds

